{
  "RSpec": {
    "coverage": {
      "/Users/sophiegilder/Makers/code-quality/gilded_rose/spec/aged_brie_spec.rb": {
        "lines": [
          1,
          null,
          1,
          1,
          1,
          1,
          null,
          null
        ]
      },
      "/Users/sophiegilder/Makers/code-quality/gilded_rose/lib/aged_brie.rb": {
        "lines": [
          1,
          null,
          1,
          null
        ]
      },
      "/Users/sophiegilder/Makers/code-quality/gilded_rose/lib/item.rb": {
        "lines": [
          null,
          null,
          1,
          1,
          null,
          1,
          35,
          35,
          35,
          null,
          null,
          1,
          2,
          null,
          null
        ]
      },
      "/Users/sophiegilder/Makers/code-quality/gilded_rose/spec/gilded_rose_spec.rb": {
        "lines": [
          1,
          null,
          1,
          1,
          1,
          1,
          1,
          1,
          null,
          1,
          1,
          1,
          1,
          1,
          null,
          1,
          1,
          1,
          1,
          1,
          1,
          1,
          null,
          1,
          1,
          1,
          1,
          1,
          1,
          null,
          1,
          1,
          1,
          2,
          null,
          null,
          1,
          1,
          1,
          2,
          null,
          null,
          null,
          null
        ]
      },
      "/Users/sophiegilder/Makers/code-quality/gilded_rose/lib/gilded_rose.rb": {
        "lines": [
          null,
          null,
          1,
          null,
          1,
          null,
          1,
          30,
          null,
          null,
          1,
          39,
          38,
          null,
          35,
          null,
          null,
          1,
          25,
          null,
          null,
          1,
          24,
          32,
          null,
          29,
          29,
          null,
          null,
          null,
          1,
          null,
          1,
          13,
          null,
          null,
          1,
          8,
          null,
          7,
          null,
          null,
          1,
          6,
          null,
          5,
          1,
          4,
          3,
          null,
          1,
          null,
          null,
          null,
          1,
          2,
          null,
          null,
          1,
          32,
          null,
          null,
          1,
          29,
          29,
          8,
          21,
          6,
          15,
          2,
          null,
          13,
          null,
          null,
          null
        ]
      },
      "/Users/sophiegilder/Makers/code-quality/gilded_rose/spec/integration_spec.rb": {
        "lines": [
          1,
          1,
          null,
          1,
          1,
          1,
          1,
          1,
          1,
          1,
          null,
          1,
          1,
          1,
          1,
          1,
          1,
          null,
          1,
          1,
          1,
          1,
          1,
          1,
          1,
          1,
          null,
          1,
          1,
          1,
          1,
          1,
          1,
          1,
          1,
          1,
          null,
          1,
          1,
          1,
          1,
          1,
          1,
          null,
          1,
          1,
          1,
          1,
          1,
          1,
          null,
          1,
          1,
          1,
          1,
          1,
          1,
          1,
          1,
          null,
          1,
          1,
          1,
          1,
          1,
          1,
          null,
          1,
          1,
          1,
          1,
          1,
          1,
          null,
          1,
          1,
          1,
          1,
          1,
          1,
          1,
          1,
          null,
          1,
          1,
          1,
          1,
          1,
          1,
          1,
          null,
          1,
          1,
          1,
          1,
          1,
          1,
          null,
          1,
          1,
          1,
          1,
          1,
          1,
          null,
          1,
          1,
          1,
          1,
          1,
          1,
          null,
          1,
          1,
          1,
          1,
          1,
          1,
          null,
          1,
          1,
          1,
          1,
          1,
          1,
          null,
          1,
          1,
          1,
          1,
          1,
          1,
          null,
          1,
          1,
          1,
          1,
          1,
          1,
          null,
          1,
          1,
          1,
          1,
          1,
          1,
          1,
          null,
          1,
          1,
          1,
          1,
          1,
          1,
          1,
          null,
          1,
          1,
          1,
          1,
          1,
          1,
          1,
          null,
          1,
          1,
          1,
          1,
          2,
          null,
          1,
          null,
          1,
          1,
          1,
          1,
          2,
          null,
          1,
          null,
          1,
          1,
          1,
          1,
          1,
          1,
          1,
          1,
          1,
          1,
          1,
          1,
          null,
          null
        ]
      },
      "/Users/sophiegilder/Makers/code-quality/gilded_rose/spec/item_spec.rb": {
        "lines": [
          1,
          null,
          1,
          1,
          1,
          1,
          null,
          null
        ]
      }
    },
    "timestamp": 1661419734
  }
}
