{
  "RSpec": {
    "coverage": {
      "/Users/sophiegilder/Makers/code-quality/gilded_rose/spec/gilded_rose_spec.rb": {
        "lines": [
          1,
          null,
          1,
          1,
          1,
          1,
          1,
          1,
          null,
          1,
          1,
          1,
          1,
          1,
          null,
          1,
          1,
          1,
          1,
          1,
          1,
          1,
          null,
          1,
          1,
          1,
          1,
          1,
          1,
          null,
          1,
          1,
          1,
          2,
          null,
          null,
          1,
          1,
          1,
          2,
          null,
          null,
          null,
          null
        ]
      },
      "/Users/sophiegilder/Makers/code-quality/gilded_rose/lib/gilded_rose.rb": {
        "lines": [
          1,
          null,
          1,
          null,
          1,
          29,
          null,
          null,
          1,
          35,
          34,
          null,
          31,
          null,
          null,
          1,
          20,
          null,
          null,
          null,
          null,
          1,
          23,
          28,
          null,
          26,
          26,
          null,
          null,
          null,
          1,
          null,
          1,
          13,
          null,
          null,
          1,
          7,
          6,
          null,
          null,
          null,
          1,
          5,
          4,
          1,
          3,
          2,
          null,
          1,
          null,
          null,
          null,
          null,
          1,
          1,
          null,
          null,
          1,
          26,
          7,
          19,
          5,
          14,
          1,
          null,
          13,
          null,
          null,
          null
        ]
      },
      "/Users/sophiegilder/Makers/code-quality/gilded_rose/spec/integration_spec.rb": {
        "lines": [
          1,
          1,
          null,
          1,
          1,
          1,
          1,
          1,
          1,
          1,
          null,
          1,
          1,
          1,
          1,
          1,
          1,
          null,
          1,
          1,
          1,
          1,
          1,
          1,
          1,
          1,
          null,
          1,
          1,
          1,
          1,
          1,
          1,
          1,
          1,
          1,
          null,
          1,
          1,
          1,
          1,
          1,
          1,
          null,
          1,
          1,
          1,
          1,
          1,
          1,
          null,
          1,
          1,
          1,
          1,
          1,
          1,
          1,
          1,
          null,
          1,
          1,
          1,
          1,
          1,
          1,
          null,
          1,
          1,
          1,
          1,
          1,
          1,
          null,
          1,
          1,
          1,
          1,
          1,
          1,
          1,
          1,
          null,
          1,
          1,
          1,
          1,
          1,
          1,
          1,
          null,
          1,
          1,
          1,
          1,
          1,
          1,
          null,
          1,
          1,
          1,
          1,
          1,
          1,
          null,
          1,
          1,
          1,
          1,
          1,
          1,
          null,
          1,
          1,
          1,
          1,
          1,
          1,
          null,
          1,
          1,
          1,
          1,
          1,
          1,
          null,
          1,
          1,
          1,
          1,
          1,
          1,
          null,
          1,
          1,
          1,
          1,
          1,
          1,
          null,
          1,
          1,
          1,
          1,
          1,
          1,
          1,
          null,
          1,
          1,
          1,
          1,
          1,
          1,
          1,
          null,
          1,
          1,
          1,
          1,
          1,
          1,
          1,
          null,
          1,
          1,
          1,
          1,
          2,
          null,
          1,
          null,
          1,
          1,
          1,
          1,
          2,
          null,
          1,
          null,
          null
        ]
      },
      "/Users/sophiegilder/Makers/code-quality/gilded_rose/lib/item.rb": {
        "lines": [
          1,
          1,
          null,
          1,
          30,
          30,
          30,
          null,
          null,
          1,
          1,
          null,
          null
        ]
      },
      "/Users/sophiegilder/Makers/code-quality/gilded_rose/spec/item_spec.rb": {
        "lines": [
          1,
          null,
          1,
          1,
          1,
          1,
          null,
          null
        ]
      }
    },
    "timestamp": 1658997278
  }
}
